2022.04.19 22:12:44 INFO  tracing is disabled for protocol LSP, to enable tracing of incoming and outgoing JSON messages create an empty file at /home/usuario/Projects/modux.g8/.metals/lsp.trace.json or /home/usuario/.cache/metals/lsp.trace.json
2022.04.19 22:12:44 INFO  logging to file /home/usuario/Projects/modux.g8/.metals/metals.log
2022.04.19 22:12:44 INFO  Started: Metals version 0.11.2 in workspace '/home/usuario/Projects/modux.g8' for client Visual Studio Code 1.66.2.
2022.04.19 22:12:44 INFO  Parse release: 1.8.0_291
2022.04.19 22:12:45 INFO  time: initialize in 1.07s
2022.04.19 22:12:46 WARN  Build server is not auto-connectable.
2022.04.19 22:12:46 WARN  no build tool detected in workspace '/home/usuario/Projects/modux.g8'. The most common cause for this problem is that the editor was opened in the wrong working directory, for example if you use sbt then the workspace directory should contain build.sbt. 
2022.04.19 22:12:46 WARN  no build target for: /home/usuario/Projects/modux.g8/src/main/g8/build.sbt
Apr 19, 2022 10:12:46 PM org.eclipse.lsp4j.jsonrpc.RemoteEndpoint handleCancellation
WARNING: Unmatched cancel notification for request id 2
Apr 19, 2022 10:12:46 PM org.eclipse.lsp4j.jsonrpc.RemoteEndpoint handleCancellation
WARNING: Unmatched cancel notification for request id 3
Apr 19, 2022 10:12:46 PM org.eclipse.lsp4j.jsonrpc.RemoteEndpoint handleCancellation
WARNING: Unmatched cancel notification for request id 5
2022.04.19 22:12:47 WARN  no build target for: /home/usuario/Projects/modux.g8/src/main/g8/build.sbt
2022.04.19 22:12:48 INFO  no build target found for /home/usuario/Projects/modux.g8/src/main/g8/build.sbt. Using presentation compiler with project's scala-library version: 3.1.1
2022.04.19 22:12:49 WARN  no build target for: /home/usuario/Projects/modux.g8/src/main/g8/build.sbt
2022.04.19 22:12:49 INFO  time: code lens generation in 3.16s
2022.04.19 22:12:49 INFO  time: code lens generation in 3.33s
2022.04.19 22:12:49 INFO  time: code lens generation in 1.22s
2022.04.19 22:16:01 INFO  shutting down Metals
